[debug] [2018-04-06T01:41:18.509Z] ----------------------------------------------------------------------
[debug] [2018-04-06T01:41:18.512Z] Command:       C:\Program Files\nodejs\node.exe C:\Users\Katey Yawney\AppData\Roaming\npm\node_modules\firebase-tools\bin\firebase init
[debug] [2018-04-06T01:41:18.512Z] CLI Version:   3.18.1
[debug] [2018-04-06T01:41:18.512Z] Platform:      win32
[debug] [2018-04-06T01:41:18.512Z] Node Version:  v8.9.3
[debug] [2018-04-06T01:41:18.513Z] Time:          Thu Apr 05 2018 21:41:18 GMT-0400 (Eastern Daylight Time)
[debug] [2018-04-06T01:41:18.513Z] ----------------------------------------------------------------------
[debug] 
[debug] [2018-04-06T01:41:18.523Z] > command requires scopes: ["email","openid","https://www.googleapis.com/auth/cloudplatformprojects.readonly","https://www.googleapis.com/auth/firebase"]
[debug] [2018-04-06T01:41:18.523Z] > authorizing via signed-in user
[info] 
     ######## #### ########  ######## ########     ###     ######  ########
     ##        ##  ##     ## ##       ##     ##  ##   ##  ##       ##
     ######    ##  ########  ######   ########  #########  ######  ######
     ##        ##  ##    ##  ##       ##     ## ##     ##       ## ##
     ##       #### ##     ## ######## ########  ##     ##  ######  ########

You're about to initialize a Firebase project in this directory:

  C:\1 projects\jammming

Before we get started, keep in mind:

  * You are currently outside your home directory

[debug] [2018-04-06T01:59:43.835Z] ----------------------------------------------------------------------
[debug] [2018-04-06T01:59:43.838Z] Command:       C:\Program Files\nodejs\node.exe C:\Users\Katey Yawney\AppData\Roaming\npm\node_modules\firebase-tools\bin\firebase init hosting
[debug] [2018-04-06T01:59:43.838Z] CLI Version:   3.18.1
[debug] [2018-04-06T01:59:43.838Z] Platform:      win32
[debug] [2018-04-06T01:59:43.838Z] Node Version:  v8.9.3
[debug] [2018-04-06T01:59:43.839Z] Time:          Thu Apr 05 2018 21:59:43 GMT-0400 (Eastern Daylight Time)
[debug] [2018-04-06T01:59:43.839Z] ----------------------------------------------------------------------
[debug] 
[debug] [2018-04-06T01:59:43.851Z] > command requires scopes: ["email","openid","https://www.googleapis.com/auth/cloudplatformprojects.readonly","https://www.googleapis.com/auth/firebase"]
[debug] [2018-04-06T01:59:43.852Z] > authorizing via signed-in user
[info] 
     ######## #### ########  ######## ########     ###     ######  ########
     ##        ##  ##     ## ##       ##     ##  ##   ##  ##       ##
     ######    ##  ########  ######   ########  #########  ######  ######
     ##        ##  ##    ##  ##       ##     ## ##     ##       ## ##
     ##       #### ##     ## ######## ########  ##     ##  ######  ########

You're about to initialize a Firebase project in this directory:

  C:\1 projects\jammming

Before we get started, keep in mind:

  * You are currently outside your home directory

[info] 
=== Project Setup
[info] 
[info] First, let's associate this project directory with a Firebase project.
[info] You can create multiple project aliases by running firebase use --add, 
[info] but for now we'll just set up a default project.
[info] 
[debug] [2018-04-06T01:59:50.747Z] > refreshing access token with scopes: ["email","https://www.googleapis.com/auth/cloudplatformprojects.readonly","https://www.googleapis.com/auth/firebase","openid"]
[debug] [2018-04-06T01:59:50.747Z] >>> HTTP REQUEST POST https://www.googleapis.com/oauth2/v3/token  
 { refresh_token: '1/q1dWLN5DIKWAgeTdsKBi8biuKxmBICr8-NxDz7sL9QI',
  client_id: '563584335869-fgrhgmd47bqnekij5i8b5pr03ho849e6.apps.googleusercontent.com',
  client_secret: 'j9iVZfS8kkCEFUPaAeJV0sAi',
  grant_type: 'refresh_token',
  scope: 'email https://www.googleapis.com/auth/cloudplatformprojects.readonly https://www.googleapis.com/auth/firebase openid' } 
 Thu Apr 05 2018 21:59:50 GMT-0400 (Eastern Daylight Time)
[debug] [2018-04-06T01:59:51.078Z] <<< HTTP RESPONSE 200
[debug] [2018-04-06T01:59:51.086Z] >>> HTTP REQUEST GET https://admin.firebase.com/v1/projects  
  
 Thu Apr 05 2018 21:59:51 GMT-0400 (Eastern Daylight Time)
[debug] [2018-04-06T01:59:51.681Z] <<< HTTP RESPONSE 200
